e:\github\learndx\engine\directengine\engine\engine\debug\vc120.pdb
e:\github\learndx\engine\directengine\engine\engine\debug\vc120.idb
e:\github\learndx\engine\directengine\engine\engine\debug\colorshaderclass.obj
e:\github\learndx\engine\directengine\engine\engine\debug\cpuclass.obj
e:\github\learndx\engine\directengine\engine\engine\debug\d3dclass.obj
e:\github\learndx\engine\directengine\engine\engine\debug\fontclass.obj
e:\github\learndx\engine\directengine\engine\engine\debug\fontshaderclass.obj
e:\github\learndx\engine\directengine\engine\engine\debug\fpsclass.obj
e:\github\learndx\engine\directengine\engine\engine\debug\frustumclass.obj
e:\github\learndx\engine\directengine\engine\engine\debug\graphicsclass.obj
e:\github\learndx\engine\directengine\engine\engine\debug\inputclass.obj
e:\github\learndx\engine\directengine\engine\engine\debug\lightclass.obj
e:\github\learndx\engine\directengine\engine\engine\debug\lightshaderclass.obj
e:\github\learndx\engine\directengine\engine\engine\debug\main.obj
e:\github\learndx\engine\directengine\engine\engine\debug\modelclass.obj
e:\github\learndx\engine\directengine\engine\engine\debug\modellistclass.obj
e:\github\learndx\engine\directengine\engine\engine\debug\positionclass.obj
e:\github\learndx\engine\directengine\engine\engine\debug\systemclass.obj
e:\github\learndx\engine\directengine\engine\engine\debug\textclass.obj
e:\github\learndx\engine\directengine\engine\engine\debug\textureclass.obj
e:\github\learndx\engine\directengine\engine\engine\debug\textureshaderclass.obj
e:\github\learndx\engine\directengine\engine\engine\debug\timerclass.obj
e:\github\learndx\engine\directengine\engine\engine\debug\bitmapclass.obj
e:\github\learndx\engine\directengine\engine\engine\debug\cameraclass.obj
e:\github\learndx\engine\directengine\engine\debug\engine.ilk
e:\github\learndx\engine\directengine\engine\debug\engine.exe
e:\github\learndx\engine\directengine\engine\debug\engine.pdb
e:\github\learndx\engine\directengine\engine\engine\debug\engine.tlog\cl.command.1.tlog
e:\github\learndx\engine\directengine\engine\engine\debug\engine.tlog\cl.read.1.tlog
e:\github\learndx\engine\directengine\engine\engine\debug\engine.tlog\cl.write.1.tlog
e:\github\learndx\engine\directengine\engine\engine\debug\engine.tlog\link.command.1.tlog
e:\github\learndx\engine\directengine\engine\engine\debug\engine.tlog\link.read.1.tlog
e:\github\learndx\engine\directengine\engine\engine\debug\engine.tlog\link.write.1.tlog
